<?xml version="1.0" encoding="UTF-8"?>
<!-- Generated by org.testng.reporters.JUnitReportReporter -->
<testsuite hostname="Sartheray" failures="0" tests="1" name="com.cucumber.test.CucumberRunner" time="1.672" errors="0" timestamp="2023-01-12T14:00:25 EST" skipped="0">
  <testcase classname="com.cucumber.test.CucumberRunner" name="runScenario" time="1.672"/>
  <system-out/>
</testsuite> <!-- com.cucumber.test.CucumberRunner -->
